{"numTotalTestSuites":51,"numPassedTestSuites":51,"numFailedTestSuites":0,"numPendingTestSuites":0,"numTotalTests":82,"numPassedTests":82,"numFailedTests":0,"numPendingTests":0,"numTodoTests":0,"snapshot":{"added":0,"failure":false,"filesAdded":0,"filesRemoved":0,"filesRemovedList":[],"filesUnmatched":0,"filesUpdated":0,"matched":0,"total":0,"unchecked":0,"uncheckedKeysByFile":[],"unmatched":0,"updated":0,"didUpdate":false},"startTime":1766419168899,"success":true,"testResults":[{"assertionResults":[{"ancestorTitles":["ShadowLogger","Encryption and Decryption"],"fullName":"ShadowLogger Encryption and Decryption encrypts and decrypts string data","status":"passed","title":"encrypts and decrypts string data","duration":5.099899999999991,"failureMessages":[],"meta":{}},{"ancestorTitles":["ShadowLogger","Shadow Logging"],"fullName":"ShadowLogger Shadow Logging writes and reads shadow logs","status":"passed","title":"writes and reads shadow logs","duration":28.687999999999988,"failureMessages":[],"meta":{}},{"ancestorTitles":["ShadowLogger","Public Logging"],"fullName":"ShadowLogger Public Logging logs public operations","status":"passed","title":"logs public operations","duration":3.2906999999999584,"failureMessages":[],"meta":{}},{"ancestorTitles":["ShadowLogger","Statistics and Cleanup"],"fullName":"ShadowLogger Statistics and Cleanup returns log statistics","status":"passed","title":"returns log statistics","duration":6.663999999999987,"failureMessages":[],"meta":{}},{"ancestorTitles":["ShadowLogger","Statistics and Cleanup"],"fullName":"ShadowLogger Statistics and Cleanup cleans up old logs","status":"passed","title":"cleans up old logs","duration":2.7784000000000333,"failureMessages":[],"meta":{}}],"startTime":1766419171074,"endTime":1766419171121.7783,"status":"passed","message":"","name":"C:/Users/Bobby/Bobbys-Workshop-/tests/shadow-logger.test.js"},{"assertionResults":[{"ancestorTitles":["Trapdoor API Tests","Authentication"],"fullName":"Trapdoor API Tests Authentication should reject requests without API key","status":"passed","title":"should reject requests without API key","duration":118.83400000000006,"failureMessages":[],"meta":{}},{"ancestorTitles":["Trapdoor API Tests","Authentication"],"fullName":"Trapdoor API Tests Authentication should reject requests with invalid API key","status":"passed","title":"should reject requests with invalid API key","duration":6.527000000000044,"failureMessages":[],"meta":{}},{"ancestorTitles":["Trapdoor API Tests","Authentication"],"fullName":"Trapdoor API Tests Authentication should accept requests with valid API key","status":"passed","title":"should accept requests with valid API key","duration":19.69080000000008,"failureMessages":[],"meta":{}},{"ancestorTitles":["Trapdoor API Tests","Workflow Execution"],"fullName":"Trapdoor API Tests Workflow Execution should list available workflows","status":"passed","title":"should list available workflows","duration":19.04139999999984,"failureMessages":[],"meta":{}},{"ancestorTitles":["Trapdoor API Tests","Workflow Execution"],"fullName":"Trapdoor API Tests Workflow Execution should validate workflow parameters","status":"passed","title":"should validate workflow parameters","duration":46.3904,"failureMessages":[],"meta":{}},{"ancestorTitles":["Trapdoor API Tests","Batch Workflows"],"fullName":"Trapdoor API Tests Batch Workflows should reject empty batch","status":"passed","title":"should reject empty batch","duration":3.2834000000000287,"failureMessages":[],"meta":{}},{"ancestorTitles":["Trapdoor API Tests","Batch Workflows"],"fullName":"Trapdoor API Tests Batch Workflows should enforce batch size limit","status":"passed","title":"should enforce batch size limit","duration":7.690299999999979,"failureMessages":[],"meta":{}},{"ancestorTitles":["Trapdoor API Tests","Monitoring"],"fullName":"Trapdoor API Tests Monitoring should return monitoring statistics","status":"passed","title":"should return monitoring statistics","duration":4.277599999999893,"failureMessages":[],"meta":{}},{"ancestorTitles":["Trapdoor API Tests","Shadow Logs"],"fullName":"Trapdoor API Tests Shadow Logs should retrieve shadow logs","status":"passed","title":"should retrieve shadow logs","duration":6.8052000000000135,"failureMessages":[],"meta":{}},{"ancestorTitles":["Trapdoor API Tests","Shadow Logs"],"fullName":"Trapdoor API Tests Shadow Logs should allow log cleanup","status":"passed","title":"should allow log cleanup","duration":3.703999999999951,"failureMessages":[],"meta":{}},{"ancestorTitles":["Trapdoor API Tests","Throttling"],"fullName":"Trapdoor API Tests Throttling should enforce rate limits","status":"passed","title":"should enforce rate limits","duration":305.5802000000001,"failureMessages":[],"meta":{}}],"startTime":1766419169997,"endTime":1766419170540.58,"status":"passed","message":"","name":"C:/Users/Bobby/Bobbys-Workshop-/tests/trapdoor-api.test.js"},{"assertionResults":[{"ancestorTitles":["WorkflowEngine","Workflow Loading"],"fullName":"WorkflowEngine Workflow Loading should load an existing workflow","status":"passed","title":"should load an existing workflow","duration":61.558899999999994,"failureMessages":[],"meta":{}},{"ancestorTitles":["WorkflowEngine","Workflow Loading"],"fullName":"WorkflowEngine Workflow Loading should fail to load non-existent workflow","status":"passed","title":"should fail to load non-existent workflow","duration":1.5100999999999658,"failureMessages":[],"meta":{}},{"ancestorTitles":["WorkflowEngine","Workflow Loading"],"fullName":"WorkflowEngine Workflow Loading should validate workflow schema","status":"passed","title":"should validate workflow schema","duration":30.02069999999992,"failureMessages":[],"meta":{}},{"ancestorTitles":["WorkflowEngine","Workflow Listing"],"fullName":"WorkflowEngine Workflow Listing should list all available workflows","status":"passed","title":"should list all available workflows","duration":42.45229999999992,"failureMessages":[],"meta":{}},{"ancestorTitles":["WorkflowEngine","Workflow Listing"],"fullName":"WorkflowEngine Workflow Listing should include workflow metadata","status":"passed","title":"should include workflow metadata","duration":63.85000000000002,"failureMessages":[],"meta":{}},{"ancestorTitles":["WorkflowEngine","Workflow Validation"],"fullName":"WorkflowEngine Workflow Validation should validate workflow structure","status":"passed","title":"should validate workflow structure","duration":1.4990999999999985,"failureMessages":[],"meta":{}},{"ancestorTitles":["WorkflowEngine","Workflow Validation"],"fullName":"WorkflowEngine Workflow Validation should reject invalid workflows","status":"passed","title":"should reject invalid workflows","duration":1.074100000000044,"failureMessages":[],"meta":{}},{"ancestorTitles":["WorkflowEngine","Step Execution"],"fullName":"WorkflowEngine Step Execution should execute wait steps","status":"passed","title":"should execute wait steps","duration":1017.3399999999999,"failureMessages":[],"meta":{}},{"ancestorTitles":["WorkflowEngine","Step Execution"],"fullName":"WorkflowEngine Step Execution should execute log steps","status":"passed","title":"should execute log steps","duration":8.392299999999977,"failureMessages":[],"meta":{}}],"startTime":1766419169611,"endTime":1766419170845.3923,"status":"passed","message":"","name":"C:/Users/Bobby/Bobbys-Workshop-/tests/workflow-engine.test.js"},{"assertionResults":[{"ancestorTitles":["Workflow Validation Tests","Schema Validation"],"fullName":"Workflow Validation Tests Schema Validation should validate correct workflow","status":"passed","title":"should validate correct workflow","duration":2.648900000000026,"failureMessages":[],"meta":{}},{"ancestorTitles":["Workflow Validation Tests","Schema Validation"],"fullName":"Workflow Validation Tests Schema Validation should reject workflow missing required fields","status":"passed","title":"should reject workflow missing required fields","duration":0.35199999999997544,"failureMessages":[],"meta":{}},{"ancestorTitles":["Workflow Validation Tests","Schema Validation"],"fullName":"Workflow Validation Tests Schema Validation should reject invalid platform","status":"passed","title":"should reject invalid platform","duration":0.24440000000004147,"failureMessages":[],"meta":{}},{"ancestorTitles":["Workflow Validation Tests","Schema Validation"],"fullName":"Workflow Validation Tests Schema Validation should reject invalid step type","status":"passed","title":"should reject invalid step type","duration":0.2581000000000131,"failureMessages":[],"meta":{}},{"ancestorTitles":["Workflow Validation Tests","Schema Validation"],"fullName":"Workflow Validation Tests Schema Validation should reject duplicate step IDs","status":"passed","title":"should reject duplicate step IDs","duration":0.28539999999998145,"failureMessages":[],"meta":{}},{"ancestorTitles":["Workflow Validation Tests","Schema Validation"],"fullName":"Workflow Validation Tests Schema Validation should validate authorization requirement","status":"passed","title":"should validate authorization requirement","duration":0.23140000000000782,"failureMessages":[],"meta":{}},{"ancestorTitles":["Workflow Validation Tests","Workflow Sanitization"],"fullName":"Workflow Validation Tests Workflow Sanitization should add default values","status":"passed","title":"should add default values","duration":0.8270999999999731,"failureMessages":[],"meta":{}},{"ancestorTitles":["Workflow Engine Tests","Workflow Loading"],"fullName":"Workflow Engine Tests Workflow Loading should load workflow from file","status":"passed","title":"should load workflow from file","duration":63.212999999999965,"failureMessages":[],"meta":{}},{"ancestorTitles":["Workflow Engine Tests","Workflow Loading"],"fullName":"Workflow Engine Tests Workflow Loading should validate workflow on load","status":"passed","title":"should validate workflow on load","duration":18.66999999999996,"failureMessages":[],"meta":{}},{"ancestorTitles":["Workflow Engine Tests","Workflow Listing"],"fullName":"Workflow Engine Tests Workflow Listing should list all workflows","status":"passed","title":"should list all workflows","duration":24.33809999999994,"failureMessages":[],"meta":{}},{"ancestorTitles":["Shadow Logger Tests","Encryption"],"fullName":"Shadow Logger Tests Encryption should encrypt and decrypt data","status":"passed","title":"should encrypt and decrypt data","duration":3.77049999999997,"failureMessages":[],"meta":{}},{"ancestorTitles":["Shadow Logger Tests","Encryption"],"fullName":"Shadow Logger Tests Encryption should use AES-256-GCM","status":"passed","title":"should use AES-256-GCM","duration":2.183599999999956,"failureMessages":[],"meta":{}},{"ancestorTitles":["Shadow Logger Tests","Logging"],"fullName":"Shadow Logger Tests Logging should log to shadow log","status":"passed","title":"should log to shadow log","duration":4.3139999999999645,"failureMessages":[],"meta":{}},{"ancestorTitles":["Shadow Logger Tests","Logging"],"fullName":"Shadow Logger Tests Logging should log to public log","status":"passed","title":"should log to public log","duration":1.7419999999999618,"failureMessages":[],"meta":{}},{"ancestorTitles":["Shadow Logger Tests","Log Statistics"],"fullName":"Shadow Logger Tests Log Statistics should return log statistics","status":"passed","title":"should return log statistics","duration":1.9411000000000058,"failureMessages":[],"meta":{}}],"startTime":1766419169645,"endTime":1766419169771.9412,"status":"passed","message":"","name":"C:/Users/Bobby/Bobbys-Workshop-/tests/workflow-system.test.js"},{"assertionResults":[{"ancestorTitles":["Workflow E2E Tests","Android Workflows"],"fullName":"Workflow E2E Tests Android Workflows should complete ADB diagnostics workflow","status":"passed","title":"should complete ADB diagnostics workflow","duration":9.526599999999917,"failureMessages":[],"meta":{}},{"ancestorTitles":["Workflow E2E Tests","Android Workflows"],"fullName":"Workflow E2E Tests Android Workflows should complete fastboot unlock workflow with authorization","status":"passed","title":"should complete fastboot unlock workflow with authorization","duration":65.75099999999998,"failureMessages":[],"meta":{}},{"ancestorTitles":["Workflow E2E Tests","Android Workflows"],"fullName":"Workflow E2E Tests Android Workflows should abort workflow without proper authorization","status":"passed","title":"should abort workflow without proper authorization","duration":11.897399999999948,"failureMessages":[],"meta":{}},{"ancestorTitles":["Workflow E2E Tests","iOS Workflows"],"fullName":"Workflow E2E Tests iOS Workflows should complete iOS device restore workflow","status":"passed","title":"should complete iOS device restore workflow","duration":26.581999999999994,"failureMessages":[],"meta":{}},{"ancestorTitles":["Workflow E2E Tests","iOS Workflows"],"fullName":"Workflow E2E Tests iOS Workflows should detect device mode correctly","status":"passed","title":"should detect device mode correctly","duration":15.770599999999945,"failureMessages":[],"meta":{}},{"ancestorTitles":["Workflow E2E Tests","Mobile Workflows"],"fullName":"Workflow E2E Tests Mobile Workflows should complete quick diagnostics workflow","status":"passed","title":"should complete quick diagnostics workflow","duration":12.531399999999962,"failureMessages":[],"meta":{}},{"ancestorTitles":["Workflow E2E Tests","Mobile Workflows"],"fullName":"Workflow E2E Tests Mobile Workflows should complete battery health analysis","status":"passed","title":"should complete battery health analysis","duration":20.051000000000045,"failureMessages":[],"meta":{}}],"startTime":1766419170449,"endTime":1766419170612.051,"status":"passed","message":"","name":"C:/Users/Bobby/Bobbys-Workshop-/tests/e2e/workflow-execution.test.js"},{"assertionResults":[{"ancestorTitles":["Trapdoor API Integration"],"fullName":"Trapdoor API Integration rejects requests without API key","status":"passed","title":"rejects requests without API key","duration":48.90239999999994,"failureMessages":[],"meta":{}},{"ancestorTitles":["Trapdoor API Integration"],"fullName":"Trapdoor API Integration executes FRP bypass workflow when authorized","status":"passed","title":"executes FRP bypass workflow when authorized","duration":9.210500000000025,"failureMessages":[],"meta":{}},{"ancestorTitles":["Trapdoor API Integration"],"fullName":"Trapdoor API Integration executes bootloader unlock workflow when authorized","status":"passed","title":"executes bootloader unlock workflow when authorized","duration":22.879999999999995,"failureMessages":[],"meta":{}},{"ancestorTitles":["Trapdoor API Integration"],"fullName":"Trapdoor API Integration lists available workflows for admins","status":"passed","title":"lists available workflows for admins","duration":9.337999999999965,"failureMessages":[],"meta":{}},{"ancestorTitles":["Trapdoor API Integration"],"fullName":"Trapdoor API Integration retrieves shadow logs after operations","status":"passed","title":"retrieves shadow logs after operations","duration":11.80759999999998,"failureMessages":[],"meta":{}}],"startTime":1766419171496,"endTime":1766419171597.8076,"status":"passed","message":"","name":"C:/Users/Bobby/Bobbys-Workshop-/tests/integration/trapdoor-api.test.js"},{"assertionResults":[{"ancestorTitles":["ADB Library","isAvailable"],"fullName":"ADB Library isAvailable should return success when ADB is available","status":"passed","title":"should return success when ADB is available","duration":8.65440000000001,"failureMessages":[],"meta":{}},{"ancestorTitles":["ADB Library","isAvailable"],"fullName":"ADB Library isAvailable should return error when ADB is not found","status":"passed","title":"should return error when ADB is not found","duration":0.6994999999999436,"failureMessages":[],"meta":{}},{"ancestorTitles":["ADB Library","listDevices"],"fullName":"ADB Library listDevices should list connected devices successfully","status":"passed","title":"should list connected devices successfully","duration":1.4453000000000884,"failureMessages":[],"meta":{}},{"ancestorTitles":["ADB Library","listDevices"],"fullName":"ADB Library listDevices should return empty array when no devices connected","status":"passed","title":"should return empty array when no devices connected","duration":0.4841999999999871,"failureMessages":[],"meta":{}},{"ancestorTitles":["ADB Library","listDevices"],"fullName":"ADB Library listDevices should handle errors when listing devices","status":"passed","title":"should handle errors when listing devices","duration":0.5401000000000522,"failureMessages":[],"meta":{}},{"ancestorTitles":["ADB Library","executeCommand"],"fullName":"ADB Library executeCommand should execute ADB command on specific device","status":"passed","title":"should execute ADB command on specific device","duration":2.8713000000000193,"failureMessages":[],"meta":{}},{"ancestorTitles":["ADB Library","executeCommand"],"fullName":"ADB Library executeCommand should execute ADB command without device serial","status":"passed","title":"should execute ADB command without device serial","duration":0.5861999999999625,"failureMessages":[],"meta":{}},{"ancestorTitles":["ADB Library","executeCommand"],"fullName":"ADB Library executeCommand should handle command execution errors","status":"passed","title":"should handle command execution errors","duration":0.42010000000004766,"failureMessages":[],"meta":{}},{"ancestorTitles":["ADB Library","getDeviceInfo"],"fullName":"ADB Library getDeviceInfo should retrieve device information successfully","status":"passed","title":"should retrieve device information successfully","duration":0.5158999999999878,"failureMessages":[],"meta":{}},{"ancestorTitles":["ADB Library","getDeviceInfo"],"fullName":"ADB Library getDeviceInfo should handle errors when getting device info","status":"passed","title":"should handle errors when getting device info","duration":0.3286000000000513,"failureMessages":[],"meta":{}},{"ancestorTitles":["ADB Library","checkFRPStatus"],"fullName":"ADB Library checkFRPStatus should detect FRP lock when android_id is short","status":"passed","title":"should detect FRP lock when android_id is short","duration":0.3068999999999278,"failureMessages":[],"meta":{}},{"ancestorTitles":["ADB Library","checkFRPStatus"],"fullName":"ADB Library checkFRPStatus should indicate no FRP lock when android_id is long","status":"passed","title":"should indicate no FRP lock when android_id is long","duration":0.22850000000005366,"failureMessages":[],"meta":{}},{"ancestorTitles":["ADB Library","checkFRPStatus"],"fullName":"ADB Library checkFRPStatus should handle errors when checking FRP status","status":"passed","title":"should handle errors when checking FRP status","duration":0.18760000000008858,"failureMessages":[],"meta":{}},{"ancestorTitles":["ADB Library","checkFRPStatus"],"fullName":"ADB Library checkFRPStatus should handle empty android_id response","status":"passed","title":"should handle empty android_id response","duration":0.18070000000000164,"failureMessages":[],"meta":{}}],"startTime":1766419171534,"endTime":1766419171552.307,"status":"passed","message":"","name":"C:/Users/Bobby/Bobbys-Workshop-/tests/unit/adb.test.js"},{"assertionResults":[{"ancestorTitles":["Fastboot Library"],"fullName":"Fastboot Library should check if Fastboot is available","status":"passed","title":"should check if Fastboot is available","duration":1.4499999999999886,"failureMessages":[],"meta":{}},{"ancestorTitles":["Fastboot Library"],"fullName":"Fastboot Library should list connected fastboot devices","status":"passed","title":"should list connected fastboot devices","duration":0.23419999999998709,"failureMessages":[],"meta":{}},{"ancestorTitles":["Fastboot Library"],"fullName":"Fastboot Library should execute fastboot commands","status":"passed","title":"should execute fastboot commands","duration":0.16579999999999018,"failureMessages":[],"meta":{}},{"ancestorTitles":["Fastboot Library"],"fullName":"Fastboot Library should get bootloader status","status":"passed","title":"should get bootloader status","duration":0.16880000000003292,"failureMessages":[],"meta":{}},{"ancestorTitles":["Fastboot Library"],"fullName":"Fastboot Library should flash partitions","status":"passed","title":"should flash partitions","duration":0.17189999999999372,"failureMessages":[],"meta":{}}],"startTime":1766419171986,"endTime":1766419171988.1719,"status":"passed","message":"","name":"C:/Users/Bobby/Bobbys-Workshop-/tests/unit/fastboot.test.js"},{"assertionResults":[{"ancestorTitles":["Shadow Logger"],"fullName":"Shadow Logger should encrypt and log shadow entries","status":"passed","title":"should encrypt and log shadow entries","duration":3.949099999999987,"failureMessages":[],"meta":{}},{"ancestorTitles":["Shadow Logger"],"fullName":"Shadow Logger should decrypt shadow log entries","status":"passed","title":"should decrypt shadow log entries","duration":1.2909999999999968,"failureMessages":[],"meta":{}},{"ancestorTitles":["Shadow Logger"],"fullName":"Shadow Logger should log public entries without encryption","status":"passed","title":"should log public entries without encryption","duration":1.3836999999999762,"failureMessages":[],"meta":{}},{"ancestorTitles":["Shadow Logger"],"fullName":"Shadow Logger should read shadow logs by date","status":"passed","title":"should read shadow logs by date","duration":1.9481000000000108,"failureMessages":[],"meta":{}},{"ancestorTitles":["Shadow Logger"],"fullName":"Shadow Logger should enforce retention policy","status":"passed","title":"should enforce retention policy","duration":1.4674999999999727,"failureMessages":[],"meta":{}}],"startTime":1766419171650,"endTime":1766419171660.4675,"status":"passed","message":"","name":"C:/Users/Bobby/Bobbys-Workshop-/tests/unit/shadow-logger.test.js"},{"assertionResults":[{"ancestorTitles":["Workflow Engine"],"fullName":"Workflow Engine should load workflow from JSON file","status":"passed","title":"should load workflow from JSON file","duration":1.356300000000033,"failureMessages":[],"meta":{}},{"ancestorTitles":["Workflow Engine"],"fullName":"Workflow Engine should list available workflows","status":"passed","title":"should list available workflows","duration":0.23589999999995825,"failureMessages":[],"meta":{}},{"ancestorTitles":["Workflow Engine"],"fullName":"Workflow Engine should execute workflow steps in sequence","status":"passed","title":"should execute workflow steps in sequence","duration":0.17710000000005266,"failureMessages":[],"meta":{}},{"ancestorTitles":["Workflow Engine"],"fullName":"Workflow Engine should handle step failures correctly","status":"passed","title":"should handle step failures correctly","duration":0.16269999999997253,"failureMessages":[],"meta":{}},{"ancestorTitles":["Workflow Engine"],"fullName":"Workflow Engine should require authorization for sensitive workflows","status":"passed","title":"should require authorization for sensitive workflows","duration":0.16580000000004702,"failureMessages":[],"meta":{}},{"ancestorTitles":["Workflow Engine"],"fullName":"Workflow Engine should log workflow execution to shadow logs","status":"passed","title":"should log workflow execution to shadow logs","duration":0.12269999999995207,"failureMessages":[],"meta":{}}],"startTime":1766419171993,"endTime":1766419171995.177,"status":"passed","message":"","name":"C:/Users/Bobby/Bobbys-Workshop-/tests/unit/workflow-engine.test.js"}]}
